[2023-07-05 21:30:12] local.ERROR: No application encryption key has been specified. {"exception":"[object] (Illuminate\\Encryption\\MissingAppKeyException(code: 0): No application encryption key has been specified. at C:\\Users\\Geralt\\Desktop\\Sistema-de-Gerenciamento-de-Tarefas-API-main\\projeto-laravel\\vendor\\laravel\\framework\\src\\Illuminate\\Encryption\\EncryptionServiceProvider.php:79)
[stacktrace]
#0 C:\\Users\\Geralt\\Desktop\\Sistema-de-Gerenciamento-de-Tarefas-API-main\\projeto-laravel\\vendor\\laravel\\framework\\src\\Illuminate\\Support\\helpers.php(307): Illuminate\\Encryption\\EncryptionServiceProvider->Illuminate\\Encryption\\{closure}('')
#1 C:\\Users\\Geralt\\Desktop\\Sistema-de-Gerenciamento-de-Tarefas-API-main\\projeto-laravel\\vendor\\laravel\\framework\\src\\Illuminate\\Encryption\\EncryptionServiceProvider.php(77): tap('', Object(Closure))
#2 C:\\Users\\Geralt\\Desktop\\Sistema-de-Gerenciamento-de-Tarefas-API-main\\projeto-laravel\\vendor\\laravel\\framework\\src\\Illuminate\\Encryption\\EncryptionServiceProvider.php(60): Illuminate\\Encryption\\EncryptionServiceProvider->key(Array)
#3 C:\\Users\\Geralt\\Desktop\\Sistema-de-Gerenciamento-de-Tarefas-API-main\\projeto-laravel\\vendor\\laravel\\framework\\src\\Illuminate\\Encryption\\EncryptionServiceProvider.php(32): Illuminate\\Encryption\\EncryptionServiceProvider->parseKey(Array)
#4 C:\\Users\\Geralt\\Desktop\\Sistema-de-Gerenciamento-de-Tarefas-API-main\\projeto-laravel\\vendor\\laravel\\framework\\src\\Illuminate\\Container\\Container.php(908): Illuminate\\Encryption\\EncryptionServiceProvider->Illuminate\\Encryption\\{closure}(Object(Illuminate\\Foundation\\Application), Array)
#5 C:\\Users\\Geralt\\Desktop\\Sistema-de-Gerenciamento-de-Tarefas-API-main\\projeto-laravel\\vendor\\laravel\\framework\\src\\Illuminate\\Container\\Container.php(795): Illuminate\\Container\\Container->build(Object(Closure))
#6 C:\\Users\\Geralt\\Desktop\\Sistema-de-Gerenciamento-de-Tarefas-API-main\\projeto-laravel\\vendor\\laravel\\framework\\src\\Illuminate\\Foundation\\Application.php(933): Illuminate\\Container\\Container->resolve('encrypter', Array, true)
#7 C:\\Users\\Geralt\\Desktop\\Sistema-de-Gerenciamento-de-Tarefas-API-main\\projeto-laravel\\vendor\\laravel\\framework\\src\\Illuminate\\Container\\Container.php(731): Illuminate\\Foundation\\Application->resolve('encrypter', Array)
#8 C:\\Users\\Geralt\\Desktop\\Sistema-de-Gerenciamento-de-Tarefas-API-main\\projeto-laravel\\vendor\\laravel\\framework\\src\\Illuminate\\Foundation\\Application.php(918): Illuminate\\Container\\Container->make('encrypter', Array)
#9 C:\\Users\\Geralt\\Desktop\\Sistema-de-Gerenciamento-de-Tarefas-API-main\\projeto-laravel\\vendor\\laravel\\framework\\src\\Illuminate\\Container\\Container.php(1066): Illuminate\\Foundation\\Application->make('encrypter')
#10 C:\\Users\\Geralt\\Desktop\\Sistema-de-Gerenciamento-de-Tarefas-API-main\\projeto-laravel\\vendor\\laravel\\framework\\src\\Illuminate\\Container\\Container.php(982): Illuminate\\Container\\Container->resolveClass(Object(ReflectionParameter))
#11 C:\\Users\\Geralt\\Desktop\\Sistema-de-Gerenciamento-de-Tarefas-API-main\\projeto-laravel\\vendor\\laravel\\framework\\src\\Illuminate\\Container\\Container.php(943): Illuminate\\Container\\Container->resolveDependencies(Array)
#12 C:\\Users\\Geralt\\Desktop\\Sistema-de-Gerenciamento-de-Tarefas-API-main\\projeto-laravel\\vendor\\laravel\\framework\\src\\Illuminate\\Container\\Container.php(795): Illuminate\\Container\\Container->build('App\\\\Http\\\\Middle...')
#13 C:\\Users\\Geralt\\Desktop\\Sistema-de-Gerenciamento-de-Tarefas-API-main\\projeto-laravel\\vendor\\laravel\\framework\\src\\Illuminate\\Foundation\\Application.php(933): Illuminate\\Container\\Container->resolve('App\\\\Http\\\\Middle...', Array, true)
#14 C:\\Users\\Geralt\\Desktop\\Sistema-de-Gerenciamento-de-Tarefas-API-main\\projeto-laravel\\vendor\\laravel\\framework\\src\\Illuminate\\Container\\Container.php(731): Illuminate\\Foundation\\Application->resolve('App\\\\Http\\\\Middle...', Array)
#15 C:\\Users\\Geralt\\Desktop\\Sistema-de-Gerenciamento-de-Tarefas-API-main\\projeto-laravel\\vendor\\laravel\\framework\\src\\Illuminate\\Foundation\\Application.php(918): Illuminate\\Container\\Container->make('App\\\\Http\\\\Middle...', Array)
#16 C:\\Users\\Geralt\\Desktop\\Sistema-de-Gerenciamento-de-Tarefas-API-main\\projeto-laravel\\vendor\\laravel\\framework\\src\\Illuminate\\Pipeline\\Pipeline.php(169): Illuminate\\Foundation\\Application->make('App\\\\Http\\\\Middle...')
#17 C:\\Users\\Geralt\\Desktop\\Sistema-de-Gerenciamento-de-Tarefas-API-main\\projeto-laravel\\vendor\\laravel\\framework\\src\\Illuminate\\Pipeline\\Pipeline.php(116): Illuminate\\Pipeline\\Pipeline->Illuminate\\Pipeline\\{closure}(Object(Illuminate\\Http\\Request))
#18 C:\\Users\\Geralt\\Desktop\\Sistema-de-Gerenciamento-de-Tarefas-API-main\\projeto-laravel\\vendor\\laravel\\framework\\src\\Illuminate\\Routing\\Router.php(798): Illuminate\\Pipeline\\Pipeline->then(Object(Closure))
#19 C:\\Users\\Geralt\\Desktop\\Sistema-de-Gerenciamento-de-Tarefas-API-main\\projeto-laravel\\vendor\\laravel\\framework\\src\\Illuminate\\Routing\\Router.php(777): Illuminate\\Routing\\Router->runRouteWithinStack(Object(Illuminate\\Routing\\Route), Object(Illuminate\\Http\\Request))
#20 C:\\Users\\Geralt\\Desktop\\Sistema-de-Gerenciamento-de-Tarefas-API-main\\projeto-laravel\\vendor\\laravel\\framework\\src\\Illuminate\\Routing\\Router.php(741): Illuminate\\Routing\\Router->runRoute(Object(Illuminate\\Http\\Request), Object(Illuminate\\Routing\\Route))
#21 C:\\Users\\Geralt\\Desktop\\Sistema-de-Gerenciamento-de-Tarefas-API-main\\projeto-laravel\\vendor\\laravel\\framework\\src\\Illuminate\\Routing\\Router.php(730): Illuminate\\Routing\\Router->dispatchToRoute(Object(Illuminate\\Http\\Request))
#22 C:\\Users\\Geralt\\Desktop\\Sistema-de-Gerenciamento-de-Tarefas-API-main\\projeto-laravel\\vendor\\laravel\\framework\\src\\Illuminate\\Foundation\\Http\\Kernel.php(200): Illuminate\\Routing\\Router->dispatch(Object(Illuminate\\Http\\Request))
#23 C:\\Users\\Geralt\\Desktop\\Sistema-de-Gerenciamento-de-Tarefas-API-main\\projeto-laravel\\vendor\\laravel\\framework\\src\\Illuminate\\Pipeline\\Pipeline.php(141): Illuminate\\Foundation\\Http\\Kernel->Illuminate\\Foundation\\Http\\{closure}(Object(Illuminate\\Http\\Request))
#24 C:\\Users\\Geralt\\Desktop\\Sistema-de-Gerenciamento-de-Tarefas-API-main\\projeto-laravel\\vendor\\laravel\\framework\\src\\Illuminate\\Foundation\\Http\\Middleware\\TransformsRequest.php(21): Illuminate\\Pipeline\\Pipeline->Illuminate\\Pipeline\\{closure}(Object(Illuminate\\Http\\Request))
#25 C:\\Users\\Geralt\\Desktop\\Sistema-de-Gerenciamento-de-Tarefas-API-main\\projeto-laravel\\vendor\\laravel\\framework\\src\\Illuminate\\Foundation\\Http\\Middleware\\ConvertEmptyStringsToNull.php(31): Illuminate\\Foundation\\Http\\Middleware\\TransformsRequest->handle(Object(Illuminate\\Http\\Request), Object(Closure))
#26 C:\\Users\\Geralt\\Desktop\\Sistema-de-Gerenciamento-de-Tarefas-API-main\\projeto-laravel\\vendor\\laravel\\framework\\src\\Illuminate\\Pipeline\\Pipeline.php(180): Illuminate\\Foundation\\Http\\Middleware\\ConvertEmptyStringsToNull->handle(Object(Illuminate\\Http\\Request), Object(Closure))
#27 C:\\Users\\Geralt\\Desktop\\Sistema-de-Gerenciamento-de-Tarefas-API-main\\projeto-laravel\\vendor\\laravel\\framework\\src\\Illuminate\\Foundation\\Http\\Middleware\\TransformsRequest.php(21): Illuminate\\Pipeline\\Pipeline->Illuminate\\Pipeline\\{closure}(Object(Illuminate\\Http\\Request))
#28 C:\\Users\\Geralt\\Desktop\\Sistema-de-Gerenciamento-de-Tarefas-API-main\\projeto-laravel\\vendor\\laravel\\framework\\src\\Illuminate\\Foundation\\Http\\Middleware\\TrimStrings.php(40): Illuminate\\Foundation\\Http\\Middleware\\TransformsRequest->handle(Object(Illuminate\\Http\\Request), Object(Closure))
#29 C:\\Users\\Geralt\\Desktop\\Sistema-de-Gerenciamento-de-Tarefas-API-main\\projeto-laravel\\vendor\\laravel\\framework\\src\\Illuminate\\Pipeline\\Pipeline.php(180): Illuminate\\Foundation\\Http\\Middleware\\TrimStrings->handle(Object(Illuminate\\Http\\Request), Object(Closure))
#30 C:\\Users\\Geralt\\Desktop\\Sistema-de-Gerenciamento-de-Tarefas-API-main\\projeto-laravel\\vendor\\laravel\\framework\\src\\Illuminate\\Foundation\\Http\\Middleware\\ValidatePostSize.php(27): Illuminate\\Pipeline\\Pipeline->Illuminate\\Pipeline\\{closure}(Object(Illuminate\\Http\\Request))
#31 C:\\Users\\Geralt\\Desktop\\Sistema-de-Gerenciamento-de-Tarefas-API-main\\projeto-laravel\\vendor\\laravel\\framework\\src\\Illuminate\\Pipeline\\Pipeline.php(180): Illuminate\\Foundation\\Http\\Middleware\\ValidatePostSize->handle(Object(Illuminate\\Http\\Request), Object(Closure))
#32 C:\\Users\\Geralt\\Desktop\\Sistema-de-Gerenciamento-de-Tarefas-API-main\\projeto-laravel\\vendor\\laravel\\framework\\src\\Illuminate\\Foundation\\Http\\Middleware\\PreventRequestsDuringMaintenance.php(86): Illuminate\\Pipeline\\Pipeline->Illuminate\\Pipeline\\{closure}(Object(Illuminate\\Http\\Request))
#33 C:\\Users\\Geralt\\Desktop\\Sistema-de-Gerenciamento-de-Tarefas-API-main\\projeto-laravel\\vendor\\laravel\\framework\\src\\Illuminate\\Pipeline\\Pipeline.php(180): Illuminate\\Foundation\\Http\\Middleware\\PreventRequestsDuringMaintenance->handle(Object(Illuminate\\Http\\Request), Object(Closure))
#34 C:\\Users\\Geralt\\Desktop\\Sistema-de-Gerenciamento-de-Tarefas-API-main\\projeto-laravel\\vendor\\laravel\\framework\\src\\Illuminate\\Http\\Middleware\\HandleCors.php(49): Illuminate\\Pipeline\\Pipeline->Illuminate\\Pipeline\\{closure}(Object(Illuminate\\Http\\Request))
#35 C:\\Users\\Geralt\\Desktop\\Sistema-de-Gerenciamento-de-Tarefas-API-main\\projeto-laravel\\vendor\\laravel\\framework\\src\\Illuminate\\Pipeline\\Pipeline.php(180): Illuminate\\Http\\Middleware\\HandleCors->handle(Object(Illuminate\\Http\\Request), Object(Closure))
#36 C:\\Users\\Geralt\\Desktop\\Sistema-de-Gerenciamento-de-Tarefas-API-main\\projeto-laravel\\vendor\\laravel\\framework\\src\\Illuminate\\Http\\Middleware\\TrustProxies.php(39): Illuminate\\Pipeline\\Pipeline->Illuminate\\Pipeline\\{closure}(Object(Illuminate\\Http\\Request))
#37 C:\\Users\\Geralt\\Desktop\\Sistema-de-Gerenciamento-de-Tarefas-API-main\\projeto-laravel\\vendor\\laravel\\framework\\src\\Illuminate\\Pipeline\\Pipeline.php(180): Illuminate\\Http\\Middleware\\TrustProxies->handle(Object(Illuminate\\Http\\Request), Object(Closure))
#38 C:\\Users\\Geralt\\Desktop\\Sistema-de-Gerenciamento-de-Tarefas-API-main\\projeto-laravel\\vendor\\laravel\\framework\\src\\Illuminate\\Pipeline\\Pipeline.php(116): Illuminate\\Pipeline\\Pipeline->Illuminate\\Pipeline\\{closure}(Object(Illuminate\\Http\\Request))
#39 C:\\Users\\Geralt\\Desktop\\Sistema-de-Gerenciamento-de-Tarefas-API-main\\projeto-laravel\\vendor\\laravel\\framework\\src\\Illuminate\\Foundation\\Http\\Kernel.php(175): Illuminate\\Pipeline\\Pipeline->then(Object(Closure))
#40 C:\\Users\\Geralt\\Desktop\\Sistema-de-Gerenciamento-de-Tarefas-API-main\\projeto-laravel\\vendor\\laravel\\framework\\src\\Illuminate\\Foundation\\Http\\Kernel.php(144): Illuminate\\Foundation\\Http\\Kernel->sendRequestThroughRouter(Object(Illuminate\\Http\\Request))
#41 C:\\Users\\Geralt\\Desktop\\Sistema-de-Gerenciamento-de-Tarefas-API-main\\projeto-laravel\\public\\index.php(51): Illuminate\\Foundation\\Http\\Kernel->handle(Object(Illuminate\\Http\\Request))
#42 C:\\Users\\Geralt\\Desktop\\Sistema-de-Gerenciamento-de-Tarefas-API-main\\projeto-laravel\\vendor\\laravel\\framework\\src\\Illuminate\\Foundation\\resources\\server.php(16): require_once('C:\\\\Users\\\\Geralt...')
#43 {main}
"} 
[2023-07-05 21:30:12] local.ERROR: No application encryption key has been specified. {"exception":"[object] (Illuminate\\Encryption\\MissingAppKeyException(code: 0): No application encryption key has been specified. at C:\\Users\\Geralt\\Desktop\\Sistema-de-Gerenciamento-de-Tarefas-API-main\\projeto-laravel\\vendor\\laravel\\framework\\src\\Illuminate\\Encryption\\EncryptionServiceProvider.php:79)
[stacktrace]
#0 C:\\Users\\Geralt\\Desktop\\Sistema-de-Gerenciamento-de-Tarefas-API-main\\projeto-laravel\\vendor\\laravel\\framework\\src\\Illuminate\\Support\\helpers.php(307): Illuminate\\Encryption\\EncryptionServiceProvider->Illuminate\\Encryption\\{closure}('')
#1 C:\\Users\\Geralt\\Desktop\\Sistema-de-Gerenciamento-de-Tarefas-API-main\\projeto-laravel\\vendor\\laravel\\framework\\src\\Illuminate\\Encryption\\EncryptionServiceProvider.php(77): tap('', Object(Closure))
#2 C:\\Users\\Geralt\\Desktop\\Sistema-de-Gerenciamento-de-Tarefas-API-main\\projeto-laravel\\vendor\\laravel\\framework\\src\\Illuminate\\Encryption\\EncryptionServiceProvider.php(60): Illuminate\\Encryption\\EncryptionServiceProvider->key(Array)
#3 C:\\Users\\Geralt\\Desktop\\Sistema-de-Gerenciamento-de-Tarefas-API-main\\projeto-laravel\\vendor\\laravel\\framework\\src\\Illuminate\\Encryption\\EncryptionServiceProvider.php(32): Illuminate\\Encryption\\EncryptionServiceProvider->parseKey(Array)
#4 C:\\Users\\Geralt\\Desktop\\Sistema-de-Gerenciamento-de-Tarefas-API-main\\projeto-laravel\\vendor\\laravel\\framework\\src\\Illuminate\\Container\\Container.php(908): Illuminate\\Encryption\\EncryptionServiceProvider->Illuminate\\Encryption\\{closure}(Object(Illuminate\\Foundation\\Application), Array)
#5 C:\\Users\\Geralt\\Desktop\\Sistema-de-Gerenciamento-de-Tarefas-API-main\\projeto-laravel\\vendor\\laravel\\framework\\src\\Illuminate\\Container\\Container.php(795): Illuminate\\Container\\Container->build(Object(Closure))
#6 C:\\Users\\Geralt\\Desktop\\Sistema-de-Gerenciamento-de-Tarefas-API-main\\projeto-laravel\\vendor\\laravel\\framework\\src\\Illuminate\\Foundation\\Application.php(933): Illuminate\\Container\\Container->resolve('encrypter', Array, true)
#7 C:\\Users\\Geralt\\Desktop\\Sistema-de-Gerenciamento-de-Tarefas-API-main\\projeto-laravel\\vendor\\laravel\\framework\\src\\Illuminate\\Container\\Container.php(731): Illuminate\\Foundation\\Application->resolve('encrypter', Array)
#8 C:\\Users\\Geralt\\Desktop\\Sistema-de-Gerenciamento-de-Tarefas-API-main\\projeto-laravel\\vendor\\laravel\\framework\\src\\Illuminate\\Foundation\\Application.php(918): Illuminate\\Container\\Container->make('encrypter', Array)
#9 C:\\Users\\Geralt\\Desktop\\Sistema-de-Gerenciamento-de-Tarefas-API-main\\projeto-laravel\\vendor\\laravel\\framework\\src\\Illuminate\\Container\\Container.php(1066): Illuminate\\Foundation\\Application->make('encrypter')
#10 C:\\Users\\Geralt\\Desktop\\Sistema-de-Gerenciamento-de-Tarefas-API-main\\projeto-laravel\\vendor\\laravel\\framework\\src\\Illuminate\\Container\\Container.php(982): Illuminate\\Container\\Container->resolveClass(Object(ReflectionParameter))
#11 C:\\Users\\Geralt\\Desktop\\Sistema-de-Gerenciamento-de-Tarefas-API-main\\projeto-laravel\\vendor\\laravel\\framework\\src\\Illuminate\\Container\\Container.php(943): Illuminate\\Container\\Container->resolveDependencies(Array)
#12 C:\\Users\\Geralt\\Desktop\\Sistema-de-Gerenciamento-de-Tarefas-API-main\\projeto-laravel\\vendor\\laravel\\framework\\src\\Illuminate\\Container\\Container.php(795): Illuminate\\Container\\Container->build('App\\\\Http\\\\Middle...')
#13 C:\\Users\\Geralt\\Desktop\\Sistema-de-Gerenciamento-de-Tarefas-API-main\\projeto-laravel\\vendor\\laravel\\framework\\src\\Illuminate\\Foundation\\Application.php(933): Illuminate\\Container\\Container->resolve('App\\\\Http\\\\Middle...', Array, true)
#14 C:\\Users\\Geralt\\Desktop\\Sistema-de-Gerenciamento-de-Tarefas-API-main\\projeto-laravel\\vendor\\laravel\\framework\\src\\Illuminate\\Container\\Container.php(731): Illuminate\\Foundation\\Application->resolve('App\\\\Http\\\\Middle...', Array)
#15 C:\\Users\\Geralt\\Desktop\\Sistema-de-Gerenciamento-de-Tarefas-API-main\\projeto-laravel\\vendor\\laravel\\framework\\src\\Illuminate\\Foundation\\Application.php(918): Illuminate\\Container\\Container->make('App\\\\Http\\\\Middle...', Array)
#16 C:\\Users\\Geralt\\Desktop\\Sistema-de-Gerenciamento-de-Tarefas-API-main\\projeto-laravel\\vendor\\laravel\\framework\\src\\Illuminate\\Foundation\\Http\\Kernel.php(251): Illuminate\\Foundation\\Application->make('App\\\\Http\\\\Middle...')
#17 C:\\Users\\Geralt\\Desktop\\Sistema-de-Gerenciamento-de-Tarefas-API-main\\projeto-laravel\\vendor\\laravel\\framework\\src\\Illuminate\\Foundation\\Http\\Kernel.php(213): Illuminate\\Foundation\\Http\\Kernel->terminateMiddleware(Object(Illuminate\\Http\\Request), Object(Illuminate\\Http\\Response))
#18 C:\\Users\\Geralt\\Desktop\\Sistema-de-Gerenciamento-de-Tarefas-API-main\\projeto-laravel\\public\\index.php(55): Illuminate\\Foundation\\Http\\Kernel->terminate(Object(Illuminate\\Http\\Request), Object(Illuminate\\Http\\Response))
#19 C:\\Users\\Geralt\\Desktop\\Sistema-de-Gerenciamento-de-Tarefas-API-main\\projeto-laravel\\vendor\\laravel\\framework\\src\\Illuminate\\Foundation\\resources\\server.php(16): require_once('C:\\\\Users\\\\Geralt...')
#20 {main}
"} 
[2023-07-05 21:30:21] local.ERROR: No application encryption key has been specified. {"exception":"[object] (Illuminate\\Encryption\\MissingAppKeyException(code: 0): No application encryption key has been specified. at C:\\Users\\Geralt\\Desktop\\Sistema-de-Gerenciamento-de-Tarefas-API-main\\projeto-laravel\\vendor\\laravel\\framework\\src\\Illuminate\\Encryption\\EncryptionServiceProvider.php:79)
[stacktrace]
#0 C:\\Users\\Geralt\\Desktop\\Sistema-de-Gerenciamento-de-Tarefas-API-main\\projeto-laravel\\vendor\\laravel\\framework\\src\\Illuminate\\Support\\helpers.php(307): Illuminate\\Encryption\\EncryptionServiceProvider->Illuminate\\Encryption\\{closure}('')
#1 C:\\Users\\Geralt\\Desktop\\Sistema-de-Gerenciamento-de-Tarefas-API-main\\projeto-laravel\\vendor\\laravel\\framework\\src\\Illuminate\\Encryption\\EncryptionServiceProvider.php(77): tap('', Object(Closure))
#2 C:\\Users\\Geralt\\Desktop\\Sistema-de-Gerenciamento-de-Tarefas-API-main\\projeto-laravel\\vendor\\laravel\\framework\\src\\Illuminate\\Encryption\\EncryptionServiceProvider.php(60): Illuminate\\Encryption\\EncryptionServiceProvider->key(Array)
#3 C:\\Users\\Geralt\\Desktop\\Sistema-de-Gerenciamento-de-Tarefas-API-main\\projeto-laravel\\vendor\\laravel\\framework\\src\\Illuminate\\Encryption\\EncryptionServiceProvider.php(32): Illuminate\\Encryption\\EncryptionServiceProvider->parseKey(Array)
#4 C:\\Users\\Geralt\\Desktop\\Sistema-de-Gerenciamento-de-Tarefas-API-main\\projeto-laravel\\vendor\\laravel\\framework\\src\\Illuminate\\Container\\Container.php(908): Illuminate\\Encryption\\EncryptionServiceProvider->Illuminate\\Encryption\\{closure}(Object(Illuminate\\Foundation\\Application), Array)
#5 C:\\Users\\Geralt\\Desktop\\Sistema-de-Gerenciamento-de-Tarefas-API-main\\projeto-laravel\\vendor\\laravel\\framework\\src\\Illuminate\\Container\\Container.php(795): Illuminate\\Container\\Container->build(Object(Closure))
#6 C:\\Users\\Geralt\\Desktop\\Sistema-de-Gerenciamento-de-Tarefas-API-main\\projeto-laravel\\vendor\\laravel\\framework\\src\\Illuminate\\Foundation\\Application.php(933): Illuminate\\Container\\Container->resolve('encrypter', Array, true)
#7 C:\\Users\\Geralt\\Desktop\\Sistema-de-Gerenciamento-de-Tarefas-API-main\\projeto-laravel\\vendor\\laravel\\framework\\src\\Illuminate\\Container\\Container.php(731): Illuminate\\Foundation\\Application->resolve('encrypter', Array)
#8 C:\\Users\\Geralt\\Desktop\\Sistema-de-Gerenciamento-de-Tarefas-API-main\\projeto-laravel\\vendor\\laravel\\framework\\src\\Illuminate\\Foundation\\Application.php(918): Illuminate\\Container\\Container->make('encrypter', Array)
#9 C:\\Users\\Geralt\\Desktop\\Sistema-de-Gerenciamento-de-Tarefas-API-main\\projeto-laravel\\vendor\\laravel\\framework\\src\\Illuminate\\Container\\Container.php(1066): Illuminate\\Foundation\\Application->make('encrypter')
#10 C:\\Users\\Geralt\\Desktop\\Sistema-de-Gerenciamento-de-Tarefas-API-main\\projeto-laravel\\vendor\\laravel\\framework\\src\\Illuminate\\Container\\Container.php(982): Illuminate\\Container\\Container->resolveClass(Object(ReflectionParameter))
#11 C:\\Users\\Geralt\\Desktop\\Sistema-de-Gerenciamento-de-Tarefas-API-main\\projeto-laravel\\vendor\\laravel\\framework\\src\\Illuminate\\Container\\Container.php(943): Illuminate\\Container\\Container->resolveDependencies(Array)
#12 C:\\Users\\Geralt\\Desktop\\Sistema-de-Gerenciamento-de-Tarefas-API-main\\projeto-laravel\\vendor\\laravel\\framework\\src\\Illuminate\\Container\\Container.php(795): Illuminate\\Container\\Container->build('App\\\\Http\\\\Middle...')
#13 C:\\Users\\Geralt\\Desktop\\Sistema-de-Gerenciamento-de-Tarefas-API-main\\projeto-laravel\\vendor\\laravel\\framework\\src\\Illuminate\\Foundation\\Application.php(933): Illuminate\\Container\\Container->resolve('App\\\\Http\\\\Middle...', Array, true)
#14 C:\\Users\\Geralt\\Desktop\\Sistema-de-Gerenciamento-de-Tarefas-API-main\\projeto-laravel\\vendor\\laravel\\framework\\src\\Illuminate\\Container\\Container.php(731): Illuminate\\Foundation\\Application->resolve('App\\\\Http\\\\Middle...', Array)
#15 C:\\Users\\Geralt\\Desktop\\Sistema-de-Gerenciamento-de-Tarefas-API-main\\projeto-laravel\\vendor\\laravel\\framework\\src\\Illuminate\\Foundation\\Application.php(918): Illuminate\\Container\\Container->make('App\\\\Http\\\\Middle...', Array)
#16 C:\\Users\\Geralt\\Desktop\\Sistema-de-Gerenciamento-de-Tarefas-API-main\\projeto-laravel\\vendor\\laravel\\framework\\src\\Illuminate\\Pipeline\\Pipeline.php(169): Illuminate\\Foundation\\Application->make('App\\\\Http\\\\Middle...')
#17 C:\\Users\\Geralt\\Desktop\\Sistema-de-Gerenciamento-de-Tarefas-API-main\\projeto-laravel\\vendor\\laravel\\framework\\src\\Illuminate\\Pipeline\\Pipeline.php(116): Illuminate\\Pipeline\\Pipeline->Illuminate\\Pipeline\\{closure}(Object(Illuminate\\Http\\Request))
#18 C:\\Users\\Geralt\\Desktop\\Sistema-de-Gerenciamento-de-Tarefas-API-main\\projeto-laravel\\vendor\\laravel\\framework\\src\\Illuminate\\Routing\\Router.php(798): Illuminate\\Pipeline\\Pipeline->then(Object(Closure))
#19 C:\\Users\\Geralt\\Desktop\\Sistema-de-Gerenciamento-de-Tarefas-API-main\\projeto-laravel\\vendor\\laravel\\framework\\src\\Illuminate\\Routing\\Router.php(777): Illuminate\\Routing\\Router->runRouteWithinStack(Object(Illuminate\\Routing\\Route), Object(Illuminate\\Http\\Request))
#20 C:\\Users\\Geralt\\Desktop\\Sistema-de-Gerenciamento-de-Tarefas-API-main\\projeto-laravel\\vendor\\laravel\\framework\\src\\Illuminate\\Routing\\Router.php(741): Illuminate\\Routing\\Router->runRoute(Object(Illuminate\\Http\\Request), Object(Illuminate\\Routing\\Route))
#21 C:\\Users\\Geralt\\Desktop\\Sistema-de-Gerenciamento-de-Tarefas-API-main\\projeto-laravel\\vendor\\laravel\\framework\\src\\Illuminate\\Routing\\Router.php(730): Illuminate\\Routing\\Router->dispatchToRoute(Object(Illuminate\\Http\\Request))
#22 C:\\Users\\Geralt\\Desktop\\Sistema-de-Gerenciamento-de-Tarefas-API-main\\projeto-laravel\\vendor\\laravel\\framework\\src\\Illuminate\\Foundation\\Http\\Kernel.php(200): Illuminate\\Routing\\Router->dispatch(Object(Illuminate\\Http\\Request))
#23 C:\\Users\\Geralt\\Desktop\\Sistema-de-Gerenciamento-de-Tarefas-API-main\\projeto-laravel\\vendor\\laravel\\framework\\src\\Illuminate\\Pipeline\\Pipeline.php(141): Illuminate\\Foundation\\Http\\Kernel->Illuminate\\Foundation\\Http\\{closure}(Object(Illuminate\\Http\\Request))
#24 C:\\Users\\Geralt\\Desktop\\Sistema-de-Gerenciamento-de-Tarefas-API-main\\projeto-laravel\\vendor\\laravel\\framework\\src\\Illuminate\\Foundation\\Http\\Middleware\\TransformsRequest.php(21): Illuminate\\Pipeline\\Pipeline->Illuminate\\Pipeline\\{closure}(Object(Illuminate\\Http\\Request))
#25 C:\\Users\\Geralt\\Desktop\\Sistema-de-Gerenciamento-de-Tarefas-API-main\\projeto-laravel\\vendor\\laravel\\framework\\src\\Illuminate\\Foundation\\Http\\Middleware\\ConvertEmptyStringsToNull.php(31): Illuminate\\Foundation\\Http\\Middleware\\TransformsRequest->handle(Object(Illuminate\\Http\\Request), Object(Closure))
#26 C:\\Users\\Geralt\\Desktop\\Sistema-de-Gerenciamento-de-Tarefas-API-main\\projeto-laravel\\vendor\\laravel\\framework\\src\\Illuminate\\Pipeline\\Pipeline.php(180): Illuminate\\Foundation\\Http\\Middleware\\ConvertEmptyStringsToNull->handle(Object(Illuminate\\Http\\Request), Object(Closure))
#27 C:\\Users\\Geralt\\Desktop\\Sistema-de-Gerenciamento-de-Tarefas-API-main\\projeto-laravel\\vendor\\laravel\\framework\\src\\Illuminate\\Foundation\\Http\\Middleware\\TransformsRequest.php(21): Illuminate\\Pipeline\\Pipeline->Illuminate\\Pipeline\\{closure}(Object(Illuminate\\Http\\Request))
#28 C:\\Users\\Geralt\\Desktop\\Sistema-de-Gerenciamento-de-Tarefas-API-main\\projeto-laravel\\vendor\\laravel\\framework\\src\\Illuminate\\Foundation\\Http\\Middleware\\TrimStrings.php(40): Illuminate\\Foundation\\Http\\Middleware\\TransformsRequest->handle(Object(Illuminate\\Http\\Request), Object(Closure))
#29 C:\\Users\\Geralt\\Desktop\\Sistema-de-Gerenciamento-de-Tarefas-API-main\\projeto-laravel\\vendor\\laravel\\framework\\src\\Illuminate\\Pipeline\\Pipeline.php(180): Illuminate\\Foundation\\Http\\Middleware\\TrimStrings->handle(Object(Illuminate\\Http\\Request), Object(Closure))
#30 C:\\Users\\Geralt\\Desktop\\Sistema-de-Gerenciamento-de-Tarefas-API-main\\projeto-laravel\\vendor\\laravel\\framework\\src\\Illuminate\\Foundation\\Http\\Middleware\\ValidatePostSize.php(27): Illuminate\\Pipeline\\Pipeline->Illuminate\\Pipeline\\{closure}(Object(Illuminate\\Http\\Request))
#31 C:\\Users\\Geralt\\Desktop\\Sistema-de-Gerenciamento-de-Tarefas-API-main\\projeto-laravel\\vendor\\laravel\\framework\\src\\Illuminate\\Pipeline\\Pipeline.php(180): Illuminate\\Foundation\\Http\\Middleware\\ValidatePostSize->handle(Object(Illuminate\\Http\\Request), Object(Closure))
#32 C:\\Users\\Geralt\\Desktop\\Sistema-de-Gerenciamento-de-Tarefas-API-main\\projeto-laravel\\vendor\\laravel\\framework\\src\\Illuminate\\Foundation\\Http\\Middleware\\PreventRequestsDuringMaintenance.php(86): Illuminate\\Pipeline\\Pipeline->Illuminate\\Pipeline\\{closure}(Object(Illuminate\\Http\\Request))
#33 C:\\Users\\Geralt\\Desktop\\Sistema-de-Gerenciamento-de-Tarefas-API-main\\projeto-laravel\\vendor\\laravel\\framework\\src\\Illuminate\\Pipeline\\Pipeline.php(180): Illuminate\\Foundation\\Http\\Middleware\\PreventRequestsDuringMaintenance->handle(Object(Illuminate\\Http\\Request), Object(Closure))
#34 C:\\Users\\Geralt\\Desktop\\Sistema-de-Gerenciamento-de-Tarefas-API-main\\projeto-laravel\\vendor\\laravel\\framework\\src\\Illuminate\\Http\\Middleware\\HandleCors.php(49): Illuminate\\Pipeline\\Pipeline->Illuminate\\Pipeline\\{closure}(Object(Illuminate\\Http\\Request))
#35 C:\\Users\\Geralt\\Desktop\\Sistema-de-Gerenciamento-de-Tarefas-API-main\\projeto-laravel\\vendor\\laravel\\framework\\src\\Illuminate\\Pipeline\\Pipeline.php(180): Illuminate\\Http\\Middleware\\HandleCors->handle(Object(Illuminate\\Http\\Request), Object(Closure))
#36 C:\\Users\\Geralt\\Desktop\\Sistema-de-Gerenciamento-de-Tarefas-API-main\\projeto-laravel\\vendor\\laravel\\framework\\src\\Illuminate\\Http\\Middleware\\TrustProxies.php(39): Illuminate\\Pipeline\\Pipeline->Illuminate\\Pipeline\\{closure}(Object(Illuminate\\Http\\Request))
#37 C:\\Users\\Geralt\\Desktop\\Sistema-de-Gerenciamento-de-Tarefas-API-main\\projeto-laravel\\vendor\\laravel\\framework\\src\\Illuminate\\Pipeline\\Pipeline.php(180): Illuminate\\Http\\Middleware\\TrustProxies->handle(Object(Illuminate\\Http\\Request), Object(Closure))
#38 C:\\Users\\Geralt\\Desktop\\Sistema-de-Gerenciamento-de-Tarefas-API-main\\projeto-laravel\\vendor\\laravel\\framework\\src\\Illuminate\\Pipeline\\Pipeline.php(116): Illuminate\\Pipeline\\Pipeline->Illuminate\\Pipeline\\{closure}(Object(Illuminate\\Http\\Request))
#39 C:\\Users\\Geralt\\Desktop\\Sistema-de-Gerenciamento-de-Tarefas-API-main\\projeto-laravel\\vendor\\laravel\\framework\\src\\Illuminate\\Foundation\\Http\\Kernel.php(175): Illuminate\\Pipeline\\Pipeline->then(Object(Closure))
#40 C:\\Users\\Geralt\\Desktop\\Sistema-de-Gerenciamento-de-Tarefas-API-main\\projeto-laravel\\vendor\\laravel\\framework\\src\\Illuminate\\Foundation\\Http\\Kernel.php(144): Illuminate\\Foundation\\Http\\Kernel->sendRequestThroughRouter(Object(Illuminate\\Http\\Request))
#41 C:\\Users\\Geralt\\Desktop\\Sistema-de-Gerenciamento-de-Tarefas-API-main\\projeto-laravel\\public\\index.php(51): Illuminate\\Foundation\\Http\\Kernel->handle(Object(Illuminate\\Http\\Request))
#42 C:\\Users\\Geralt\\Desktop\\Sistema-de-Gerenciamento-de-Tarefas-API-main\\projeto-laravel\\vendor\\laravel\\framework\\src\\Illuminate\\Foundation\\resources\\server.php(16): require_once('C:\\\\Users\\\\Geralt...')
#43 {main}
"} 
[2023-07-05 21:30:22] local.ERROR: No application encryption key has been specified. {"exception":"[object] (Illuminate\\Encryption\\MissingAppKeyException(code: 0): No application encryption key has been specified. at C:\\Users\\Geralt\\Desktop\\Sistema-de-Gerenciamento-de-Tarefas-API-main\\projeto-laravel\\vendor\\laravel\\framework\\src\\Illuminate\\Encryption\\EncryptionServiceProvider.php:79)
[stacktrace]
#0 C:\\Users\\Geralt\\Desktop\\Sistema-de-Gerenciamento-de-Tarefas-API-main\\projeto-laravel\\vendor\\laravel\\framework\\src\\Illuminate\\Support\\helpers.php(307): Illuminate\\Encryption\\EncryptionServiceProvider->Illuminate\\Encryption\\{closure}('')
#1 C:\\Users\\Geralt\\Desktop\\Sistema-de-Gerenciamento-de-Tarefas-API-main\\projeto-laravel\\vendor\\laravel\\framework\\src\\Illuminate\\Encryption\\EncryptionServiceProvider.php(77): tap('', Object(Closure))
#2 C:\\Users\\Geralt\\Desktop\\Sistema-de-Gerenciamento-de-Tarefas-API-main\\projeto-laravel\\vendor\\laravel\\framework\\src\\Illuminate\\Encryption\\EncryptionServiceProvider.php(60): Illuminate\\Encryption\\EncryptionServiceProvider->key(Array)
#3 C:\\Users\\Geralt\\Desktop\\Sistema-de-Gerenciamento-de-Tarefas-API-main\\projeto-laravel\\vendor\\laravel\\framework\\src\\Illuminate\\Encryption\\EncryptionServiceProvider.php(32): Illuminate\\Encryption\\EncryptionServiceProvider->parseKey(Array)
#4 C:\\Users\\Geralt\\Desktop\\Sistema-de-Gerenciamento-de-Tarefas-API-main\\projeto-laravel\\vendor\\laravel\\framework\\src\\Illuminate\\Container\\Container.php(908): Illuminate\\Encryption\\EncryptionServiceProvider->Illuminate\\Encryption\\{closure}(Object(Illuminate\\Foundation\\Application), Array)
#5 C:\\Users\\Geralt\\Desktop\\Sistema-de-Gerenciamento-de-Tarefas-API-main\\projeto-laravel\\vendor\\laravel\\framework\\src\\Illuminate\\Container\\Container.php(795): Illuminate\\Container\\Container->build(Object(Closure))
#6 C:\\Users\\Geralt\\Desktop\\Sistema-de-Gerenciamento-de-Tarefas-API-main\\projeto-laravel\\vendor\\laravel\\framework\\src\\Illuminate\\Foundation\\Application.php(933): Illuminate\\Container\\Container->resolve('encrypter', Array, true)
#7 C:\\Users\\Geralt\\Desktop\\Sistema-de-Gerenciamento-de-Tarefas-API-main\\projeto-laravel\\vendor\\laravel\\framework\\src\\Illuminate\\Container\\Container.php(731): Illuminate\\Foundation\\Application->resolve('encrypter', Array)
#8 C:\\Users\\Geralt\\Desktop\\Sistema-de-Gerenciamento-de-Tarefas-API-main\\projeto-laravel\\vendor\\laravel\\framework\\src\\Illuminate\\Foundation\\Application.php(918): Illuminate\\Container\\Container->make('encrypter', Array)
#9 C:\\Users\\Geralt\\Desktop\\Sistema-de-Gerenciamento-de-Tarefas-API-main\\projeto-laravel\\vendor\\laravel\\framework\\src\\Illuminate\\Container\\Container.php(1066): Illuminate\\Foundation\\Application->make('encrypter')
#10 C:\\Users\\Geralt\\Desktop\\Sistema-de-Gerenciamento-de-Tarefas-API-main\\projeto-laravel\\vendor\\laravel\\framework\\src\\Illuminate\\Container\\Container.php(982): Illuminate\\Container\\Container->resolveClass(Object(ReflectionParameter))
#11 C:\\Users\\Geralt\\Desktop\\Sistema-de-Gerenciamento-de-Tarefas-API-main\\projeto-laravel\\vendor\\laravel\\framework\\src\\Illuminate\\Container\\Container.php(943): Illuminate\\Container\\Container->resolveDependencies(Array)
#12 C:\\Users\\Geralt\\Desktop\\Sistema-de-Gerenciamento-de-Tarefas-API-main\\projeto-laravel\\vendor\\laravel\\framework\\src\\Illuminate\\Container\\Container.php(795): Illuminate\\Container\\Container->build('App\\\\Http\\\\Middle...')
#13 C:\\Users\\Geralt\\Desktop\\Sistema-de-Gerenciamento-de-Tarefas-API-main\\projeto-laravel\\vendor\\laravel\\framework\\src\\Illuminate\\Foundation\\Application.php(933): Illuminate\\Container\\Container->resolve('App\\\\Http\\\\Middle...', Array, true)
#14 C:\\Users\\Geralt\\Desktop\\Sistema-de-Gerenciamento-de-Tarefas-API-main\\projeto-laravel\\vendor\\laravel\\framework\\src\\Illuminate\\Container\\Container.php(731): Illuminate\\Foundation\\Application->resolve('App\\\\Http\\\\Middle...', Array)
#15 C:\\Users\\Geralt\\Desktop\\Sistema-de-Gerenciamento-de-Tarefas-API-main\\projeto-laravel\\vendor\\laravel\\framework\\src\\Illuminate\\Foundation\\Application.php(918): Illuminate\\Container\\Container->make('App\\\\Http\\\\Middle...', Array)
#16 C:\\Users\\Geralt\\Desktop\\Sistema-de-Gerenciamento-de-Tarefas-API-main\\projeto-laravel\\vendor\\laravel\\framework\\src\\Illuminate\\Foundation\\Http\\Kernel.php(251): Illuminate\\Foundation\\Application->make('App\\\\Http\\\\Middle...')
#17 C:\\Users\\Geralt\\Desktop\\Sistema-de-Gerenciamento-de-Tarefas-API-main\\projeto-laravel\\vendor\\laravel\\framework\\src\\Illuminate\\Foundation\\Http\\Kernel.php(213): Illuminate\\Foundation\\Http\\Kernel->terminateMiddleware(Object(Illuminate\\Http\\Request), Object(Illuminate\\Http\\Response))
#18 C:\\Users\\Geralt\\Desktop\\Sistema-de-Gerenciamento-de-Tarefas-API-main\\projeto-laravel\\public\\index.php(55): Illuminate\\Foundation\\Http\\Kernel->terminate(Object(Illuminate\\Http\\Request), Object(Illuminate\\Http\\Response))
#19 C:\\Users\\Geralt\\Desktop\\Sistema-de-Gerenciamento-de-Tarefas-API-main\\projeto-laravel\\vendor\\laravel\\framework\\src\\Illuminate\\Foundation\\resources\\server.php(16): require_once('C:\\\\Users\\\\Geralt...')
#20 {main}
"} 
[2023-07-05 21:38:26] local.ERROR: SQLSTATE[22007]: Invalid datetime format: 1366 Incorrect integer value: 'concluida' for column `laravel`.`tasks`.`status` at row 1 (Connection: mysql, SQL: insert into `tasks` (`title`, `description`, `status`, `updated_at`, `created_at`) values (trabalho teste, testando o trabalho, concluida, 2023-07-05 21:38:26, 2023-07-05 21:38:26)) {"exception":"[object] (Illuminate\\Database\\QueryException(code: 22007): SQLSTATE[22007]: Invalid datetime format: 1366 Incorrect integer value: 'concluida' for column `laravel`.`tasks`.`status` at row 1 (Connection: mysql, SQL: insert into `tasks` (`title`, `description`, `status`, `updated_at`, `created_at`) values (trabalho teste, testando o trabalho, concluida, 2023-07-05 21:38:26, 2023-07-05 21:38:26)) at C:\\Users\\Geralt\\Desktop\\Sistema-de-Gerenciamento-de-Tarefas-API-main\\projeto-laravel\\vendor\\laravel\\framework\\src\\Illuminate\\Database\\Connection.php:795)
[stacktrace]
#0 C:\\Users\\Geralt\\Desktop\\Sistema-de-Gerenciamento-de-Tarefas-API-main\\projeto-laravel\\vendor\\laravel\\framework\\src\\Illuminate\\Database\\Connection.php(755): Illuminate\\Database\\Connection->runQueryCallback('insert into `ta...', Array, Object(Closure))
#1 C:\\Users\\Geralt\\Desktop\\Sistema-de-Gerenciamento-de-Tarefas-API-main\\projeto-laravel\\vendor\\laravel\\framework\\src\\Illuminate\\Database\\Connection.php(569): Illuminate\\Database\\Connection->run('insert into `ta...', Array, Object(Closure))
#2 C:\\Users\\Geralt\\Desktop\\Sistema-de-Gerenciamento-de-Tarefas-API-main\\projeto-laravel\\vendor\\laravel\\framework\\src\\Illuminate\\Database\\Connection.php(533): Illuminate\\Database\\Connection->statement('insert into `ta...', Array)
#3 C:\\Users\\Geralt\\Desktop\\Sistema-de-Gerenciamento-de-Tarefas-API-main\\projeto-laravel\\vendor\\laravel\\framework\\src\\Illuminate\\Database\\Query\\Processors\\Processor.php(32): Illuminate\\Database\\Connection->insert('insert into `ta...', Array)
#4 C:\\Users\\Geralt\\Desktop\\Sistema-de-Gerenciamento-de-Tarefas-API-main\\projeto-laravel\\vendor\\laravel\\framework\\src\\Illuminate\\Database\\Query\\Builder.php(3371): Illuminate\\Database\\Query\\Processors\\Processor->processInsertGetId(Object(Illuminate\\Database\\Query\\Builder), 'insert into `ta...', Array, 'id')
#5 C:\\Users\\Geralt\\Desktop\\Sistema-de-Gerenciamento-de-Tarefas-API-main\\projeto-laravel\\vendor\\laravel\\framework\\src\\Illuminate\\Database\\Eloquent\\Builder.php(1922): Illuminate\\Database\\Query\\Builder->insertGetId(Array, 'id')
#6 C:\\Users\\Geralt\\Desktop\\Sistema-de-Gerenciamento-de-Tarefas-API-main\\projeto-laravel\\vendor\\laravel\\framework\\src\\Illuminate\\Database\\Eloquent\\Model.php(1335): Illuminate\\Database\\Eloquent\\Builder->__call('insertGetId', Array)
#7 C:\\Users\\Geralt\\Desktop\\Sistema-de-Gerenciamento-de-Tarefas-API-main\\projeto-laravel\\vendor\\laravel\\framework\\src\\Illuminate\\Database\\Eloquent\\Model.php(1300): Illuminate\\Database\\Eloquent\\Model->insertAndSetId(Object(Illuminate\\Database\\Eloquent\\Builder), Array)
#8 C:\\Users\\Geralt\\Desktop\\Sistema-de-Gerenciamento-de-Tarefas-API-main\\projeto-laravel\\vendor\\laravel\\framework\\src\\Illuminate\\Database\\Eloquent\\Model.php(1139): Illuminate\\Database\\Eloquent\\Model->performInsert(Object(Illuminate\\Database\\Eloquent\\Builder))
#9 C:\\Users\\Geralt\\Desktop\\Sistema-de-Gerenciamento-de-Tarefas-API-main\\projeto-laravel\\app\\Http\\Controllers\\TaskController.php(39): Illuminate\\Database\\Eloquent\\Model->save()
#10 C:\\Users\\Geralt\\Desktop\\Sistema-de-Gerenciamento-de-Tarefas-API-main\\projeto-laravel\\vendor\\laravel\\framework\\src\\Illuminate\\Routing\\Controller.php(54): App\\Http\\Controllers\\TaskController->store(Object(Illuminate\\Http\\Request))
#11 C:\\Users\\Geralt\\Desktop\\Sistema-de-Gerenciamento-de-Tarefas-API-main\\projeto-laravel\\vendor\\laravel\\framework\\src\\Illuminate\\Routing\\ControllerDispatcher.php(43): Illuminate\\Routing\\Controller->callAction('store', Array)
#12 C:\\Users\\Geralt\\Desktop\\Sistema-de-Gerenciamento-de-Tarefas-API-main\\projeto-laravel\\vendor\\laravel\\framework\\src\\Illuminate\\Routing\\Route.php(259): Illuminate\\Routing\\ControllerDispatcher->dispatch(Object(Illuminate\\Routing\\Route), Object(App\\Http\\Controllers\\TaskController), 'store')
#13 C:\\Users\\Geralt\\Desktop\\Sistema-de-Gerenciamento-de-Tarefas-API-main\\projeto-laravel\\vendor\\laravel\\framework\\src\\Illuminate\\Routing\\Route.php(205): Illuminate\\Routing\\Route->runController()
#14 C:\\Users\\Geralt\\Desktop\\Sistema-de-Gerenciamento-de-Tarefas-API-main\\projeto-laravel\\vendor\\laravel\\framework\\src\\Illuminate\\Routing\\Router.php(799): Illuminate\\Routing\\Route->run()
#15 C:\\Users\\Geralt\\Desktop\\Sistema-de-Gerenciamento-de-Tarefas-API-main\\projeto-laravel\\vendor\\laravel\\framework\\src\\Illuminate\\Pipeline\\Pipeline.php(141): Illuminate\\Routing\\Router->Illuminate\\Routing\\{closure}(Object(Illuminate\\Http\\Request))
#16 C:\\Users\\Geralt\\Desktop\\Sistema-de-Gerenciamento-de-Tarefas-API-main\\projeto-laravel\\vendor\\laravel\\framework\\src\\Illuminate\\Routing\\Middleware\\SubstituteBindings.php(50): Illuminate\\Pipeline\\Pipeline->Illuminate\\Pipeline\\{closure}(Object(Illuminate\\Http\\Request))
#17 C:\\Users\\Geralt\\Desktop\\Sistema-de-Gerenciamento-de-Tarefas-API-main\\projeto-laravel\\vendor\\laravel\\framework\\src\\Illuminate\\Pipeline\\Pipeline.php(180): Illuminate\\Routing\\Middleware\\SubstituteBindings->handle(Object(Illuminate\\Http\\Request), Object(Closure))
#18 C:\\Users\\Geralt\\Desktop\\Sistema-de-Gerenciamento-de-Tarefas-API-main\\projeto-laravel\\vendor\\laravel\\framework\\src\\Illuminate\\View\\Middleware\\ShareErrorsFromSession.php(49): Illuminate\\Pipeline\\Pipeline->Illuminate\\Pipeline\\{closure}(Object(Illuminate\\Http\\Request))
#19 C:\\Users\\Geralt\\Desktop\\Sistema-de-Gerenciamento-de-Tarefas-API-main\\projeto-laravel\\vendor\\laravel\\framework\\src\\Illuminate\\Pipeline\\Pipeline.php(180): Illuminate\\View\\Middleware\\ShareErrorsFromSession->handle(Object(Illuminate\\Http\\Request), Object(Closure))
#20 C:\\Users\\Geralt\\Desktop\\Sistema-de-Gerenciamento-de-Tarefas-API-main\\projeto-laravel\\vendor\\laravel\\framework\\src\\Illuminate\\Session\\Middleware\\StartSession.php(121): Illuminate\\Pipeline\\Pipeline->Illuminate\\Pipeline\\{closure}(Object(Illuminate\\Http\\Request))
#21 C:\\Users\\Geralt\\Desktop\\Sistema-de-Gerenciamento-de-Tarefas-API-main\\projeto-laravel\\vendor\\laravel\\framework\\src\\Illuminate\\Session\\Middleware\\StartSession.php(64): Illuminate\\Session\\Middleware\\StartSession->handleStatefulRequest(Object(Illuminate\\Http\\Request), Object(Illuminate\\Session\\Store), Object(Closure))
#22 C:\\Users\\Geralt\\Desktop\\Sistema-de-Gerenciamento-de-Tarefas-API-main\\projeto-laravel\\vendor\\laravel\\framework\\src\\Illuminate\\Pipeline\\Pipeline.php(180): Illuminate\\Session\\Middleware\\StartSession->handle(Object(Illuminate\\Http\\Request), Object(Closure))
#23 C:\\Users\\Geralt\\Desktop\\Sistema-de-Gerenciamento-de-Tarefas-API-main\\projeto-laravel\\vendor\\laravel\\framework\\src\\Illuminate\\Cookie\\Middleware\\AddQueuedCookiesToResponse.php(37): Illuminate\\Pipeline\\Pipeline->Illuminate\\Pipeline\\{closure}(Object(Illuminate\\Http\\Request))
#24 C:\\Users\\Geralt\\Desktop\\Sistema-de-Gerenciamento-de-Tarefas-API-main\\projeto-laravel\\vendor\\laravel\\framework\\src\\Illuminate\\Pipeline\\Pipeline.php(180): Illuminate\\Cookie\\Middleware\\AddQueuedCookiesToResponse->handle(Object(Illuminate\\Http\\Request), Object(Closure))
#25 C:\\Users\\Geralt\\Desktop\\Sistema-de-Gerenciamento-de-Tarefas-API-main\\projeto-laravel\\vendor\\laravel\\framework\\src\\Illuminate\\Cookie\\Middleware\\EncryptCookies.php(67): Illuminate\\Pipeline\\Pipeline->Illuminate\\Pipeline\\{closure}(Object(Illuminate\\Http\\Request))
#26 C:\\Users\\Geralt\\Desktop\\Sistema-de-Gerenciamento-de-Tarefas-API-main\\projeto-laravel\\vendor\\laravel\\framework\\src\\Illuminate\\Pipeline\\Pipeline.php(180): Illuminate\\Cookie\\Middleware\\EncryptCookies->handle(Object(Illuminate\\Http\\Request), Object(Closure))
#27 C:\\Users\\Geralt\\Desktop\\Sistema-de-Gerenciamento-de-Tarefas-API-main\\projeto-laravel\\vendor\\laravel\\framework\\src\\Illuminate\\Pipeline\\Pipeline.php(116): Illuminate\\Pipeline\\Pipeline->Illuminate\\Pipeline\\{closure}(Object(Illuminate\\Http\\Request))
#28 C:\\Users\\Geralt\\Desktop\\Sistema-de-Gerenciamento-de-Tarefas-API-main\\projeto-laravel\\vendor\\laravel\\framework\\src\\Illuminate\\Routing\\Router.php(798): Illuminate\\Pipeline\\Pipeline->then(Object(Closure))
#29 C:\\Users\\Geralt\\Desktop\\Sistema-de-Gerenciamento-de-Tarefas-API-main\\projeto-laravel\\vendor\\laravel\\framework\\src\\Illuminate\\Routing\\Router.php(777): Illuminate\\Routing\\Router->runRouteWithinStack(Object(Illuminate\\Routing\\Route), Object(Illuminate\\Http\\Request))
#30 C:\\Users\\Geralt\\Desktop\\Sistema-de-Gerenciamento-de-Tarefas-API-main\\projeto-laravel\\vendor\\laravel\\framework\\src\\Illuminate\\Routing\\Router.php(741): Illuminate\\Routing\\Router->runRoute(Object(Illuminate\\Http\\Request), Object(Illuminate\\Routing\\Route))
#31 C:\\Users\\Geralt\\Desktop\\Sistema-de-Gerenciamento-de-Tarefas-API-main\\projeto-laravel\\vendor\\laravel\\framework\\src\\Illuminate\\Routing\\Router.php(730): Illuminate\\Routing\\Router->dispatchToRoute(Object(Illuminate\\Http\\Request))
#32 C:\\Users\\Geralt\\Desktop\\Sistema-de-Gerenciamento-de-Tarefas-API-main\\projeto-laravel\\vendor\\laravel\\framework\\src\\Illuminate\\Foundation\\Http\\Kernel.php(200): Illuminate\\Routing\\Router->dispatch(Object(Illuminate\\Http\\Request))
#33 C:\\Users\\Geralt\\Desktop\\Sistema-de-Gerenciamento-de-Tarefas-API-main\\projeto-laravel\\vendor\\laravel\\framework\\src\\Illuminate\\Pipeline\\Pipeline.php(141): Illuminate\\Foundation\\Http\\Kernel->Illuminate\\Foundation\\Http\\{closure}(Object(Illuminate\\Http\\Request))
#34 C:\\Users\\Geralt\\Desktop\\Sistema-de-Gerenciamento-de-Tarefas-API-main\\projeto-laravel\\vendor\\laravel\\framework\\src\\Illuminate\\Foundation\\Http\\Middleware\\TransformsRequest.php(21): Illuminate\\Pipeline\\Pipeline->Illuminate\\Pipeline\\{closure}(Object(Illuminate\\Http\\Request))
#35 C:\\Users\\Geralt\\Desktop\\Sistema-de-Gerenciamento-de-Tarefas-API-main\\projeto-laravel\\vendor\\laravel\\framework\\src\\Illuminate\\Foundation\\Http\\Middleware\\ConvertEmptyStringsToNull.php(31): Illuminate\\Foundation\\Http\\Middleware\\TransformsRequest->handle(Object(Illuminate\\Http\\Request), Object(Closure))
#36 C:\\Users\\Geralt\\Desktop\\Sistema-de-Gerenciamento-de-Tarefas-API-main\\projeto-laravel\\vendor\\laravel\\framework\\src\\Illuminate\\Pipeline\\Pipeline.php(180): Illuminate\\Foundation\\Http\\Middleware\\ConvertEmptyStringsToNull->handle(Object(Illuminate\\Http\\Request), Object(Closure))
#37 C:\\Users\\Geralt\\Desktop\\Sistema-de-Gerenciamento-de-Tarefas-API-main\\projeto-laravel\\vendor\\laravel\\framework\\src\\Illuminate\\Foundation\\Http\\Middleware\\TransformsRequest.php(21): Illuminate\\Pipeline\\Pipeline->Illuminate\\Pipeline\\{closure}(Object(Illuminate\\Http\\Request))
#38 C:\\Users\\Geralt\\Desktop\\Sistema-de-Gerenciamento-de-Tarefas-API-main\\projeto-laravel\\vendor\\laravel\\framework\\src\\Illuminate\\Foundation\\Http\\Middleware\\TrimStrings.php(40): Illuminate\\Foundation\\Http\\Middleware\\TransformsRequest->handle(Object(Illuminate\\Http\\Request), Object(Closure))
#39 C:\\Users\\Geralt\\Desktop\\Sistema-de-Gerenciamento-de-Tarefas-API-main\\projeto-laravel\\vendor\\laravel\\framework\\src\\Illuminate\\Pipeline\\Pipeline.php(180): Illuminate\\Foundation\\Http\\Middleware\\TrimStrings->handle(Object(Illuminate\\Http\\Request), Object(Closure))
#40 C:\\Users\\Geralt\\Desktop\\Sistema-de-Gerenciamento-de-Tarefas-API-main\\projeto-laravel\\vendor\\laravel\\framework\\src\\Illuminate\\Foundation\\Http\\Middleware\\ValidatePostSize.php(27): Illuminate\\Pipeline\\Pipeline->Illuminate\\Pipeline\\{closure}(Object(Illuminate\\Http\\Request))
#41 C:\\Users\\Geralt\\Desktop\\Sistema-de-Gerenciamento-de-Tarefas-API-main\\projeto-laravel\\vendor\\laravel\\framework\\src\\Illuminate\\Pipeline\\Pipeline.php(180): Illuminate\\Foundation\\Http\\Middleware\\ValidatePostSize->handle(Object(Illuminate\\Http\\Request), Object(Closure))
#42 C:\\Users\\Geralt\\Desktop\\Sistema-de-Gerenciamento-de-Tarefas-API-main\\projeto-laravel\\vendor\\laravel\\framework\\src\\Illuminate\\Foundation\\Http\\Middleware\\PreventRequestsDuringMaintenance.php(86): Illuminate\\Pipeline\\Pipeline->Illuminate\\Pipeline\\{closure}(Object(Illuminate\\Http\\Request))
#43 C:\\Users\\Geralt\\Desktop\\Sistema-de-Gerenciamento-de-Tarefas-API-main\\projeto-laravel\\vendor\\laravel\\framework\\src\\Illuminate\\Pipeline\\Pipeline.php(180): Illuminate\\Foundation\\Http\\Middleware\\PreventRequestsDuringMaintenance->handle(Object(Illuminate\\Http\\Request), Object(Closure))
#44 C:\\Users\\Geralt\\Desktop\\Sistema-de-Gerenciamento-de-Tarefas-API-main\\projeto-laravel\\vendor\\laravel\\framework\\src\\Illuminate\\Http\\Middleware\\HandleCors.php(49): Illuminate\\Pipeline\\Pipeline->Illuminate\\Pipeline\\{closure}(Object(Illuminate\\Http\\Request))
#45 C:\\Users\\Geralt\\Desktop\\Sistema-de-Gerenciamento-de-Tarefas-API-main\\projeto-laravel\\vendor\\laravel\\framework\\src\\Illuminate\\Pipeline\\Pipeline.php(180): Illuminate\\Http\\Middleware\\HandleCors->handle(Object(Illuminate\\Http\\Request), Object(Closure))
#46 C:\\Users\\Geralt\\Desktop\\Sistema-de-Gerenciamento-de-Tarefas-API-main\\projeto-laravel\\vendor\\laravel\\framework\\src\\Illuminate\\Http\\Middleware\\TrustProxies.php(39): Illuminate\\Pipeline\\Pipeline->Illuminate\\Pipeline\\{closure}(Object(Illuminate\\Http\\Request))
#47 C:\\Users\\Geralt\\Desktop\\Sistema-de-Gerenciamento-de-Tarefas-API-main\\projeto-laravel\\vendor\\laravel\\framework\\src\\Illuminate\\Pipeline\\Pipeline.php(180): Illuminate\\Http\\Middleware\\TrustProxies->handle(Object(Illuminate\\Http\\Request), Object(Closure))
#48 C:\\Users\\Geralt\\Desktop\\Sistema-de-Gerenciamento-de-Tarefas-API-main\\projeto-laravel\\vendor\\laravel\\framework\\src\\Illuminate\\Pipeline\\Pipeline.php(116): Illuminate\\Pipeline\\Pipeline->Illuminate\\Pipeline\\{closure}(Object(Illuminate\\Http\\Request))
#49 C:\\Users\\Geralt\\Desktop\\Sistema-de-Gerenciamento-de-Tarefas-API-main\\projeto-laravel\\vendor\\laravel\\framework\\src\\Illuminate\\Foundation\\Http\\Kernel.php(175): Illuminate\\Pipeline\\Pipeline->then(Object(Closure))
#50 C:\\Users\\Geralt\\Desktop\\Sistema-de-Gerenciamento-de-Tarefas-API-main\\projeto-laravel\\vendor\\laravel\\framework\\src\\Illuminate\\Foundation\\Http\\Kernel.php(144): Illuminate\\Foundation\\Http\\Kernel->sendRequestThroughRouter(Object(Illuminate\\Http\\Request))
#51 C:\\Users\\Geralt\\Desktop\\Sistema-de-Gerenciamento-de-Tarefas-API-main\\projeto-laravel\\public\\index.php(51): Illuminate\\Foundation\\Http\\Kernel->handle(Object(Illuminate\\Http\\Request))
#52 C:\\Users\\Geralt\\Desktop\\Sistema-de-Gerenciamento-de-Tarefas-API-main\\projeto-laravel\\vendor\\laravel\\framework\\src\\Illuminate\\Foundation\\resources\\server.php(16): require_once('C:\\\\Users\\\\Geralt...')
#53 {main}

[previous exception] [object] (PDOException(code: 22007): SQLSTATE[22007]: Invalid datetime format: 1366 Incorrect integer value: 'concluida' for column `laravel`.`tasks`.`status` at row 1 at C:\\Users\\Geralt\\Desktop\\Sistema-de-Gerenciamento-de-Tarefas-API-main\\projeto-laravel\\vendor\\laravel\\framework\\src\\Illuminate\\Database\\Connection.php:580)
[stacktrace]
#0 C:\\Users\\Geralt\\Desktop\\Sistema-de-Gerenciamento-de-Tarefas-API-main\\projeto-laravel\\vendor\\laravel\\framework\\src\\Illuminate\\Database\\Connection.php(580): PDOStatement->execute()
#1 C:\\Users\\Geralt\\Desktop\\Sistema-de-Gerenciamento-de-Tarefas-API-main\\projeto-laravel\\vendor\\laravel\\framework\\src\\Illuminate\\Database\\Connection.php(788): Illuminate\\Database\\Connection->Illuminate\\Database\\{closure}('insert into `ta...', Array)
#2 C:\\Users\\Geralt\\Desktop\\Sistema-de-Gerenciamento-de-Tarefas-API-main\\projeto-laravel\\vendor\\laravel\\framework\\src\\Illuminate\\Database\\Connection.php(755): Illuminate\\Database\\Connection->runQueryCallback('insert into `ta...', Array, Object(Closure))
#3 C:\\Users\\Geralt\\Desktop\\Sistema-de-Gerenciamento-de-Tarefas-API-main\\projeto-laravel\\vendor\\laravel\\framework\\src\\Illuminate\\Database\\Connection.php(569): Illuminate\\Database\\Connection->run('insert into `ta...', Array, Object(Closure))
#4 C:\\Users\\Geralt\\Desktop\\Sistema-de-Gerenciamento-de-Tarefas-API-main\\projeto-laravel\\vendor\\laravel\\framework\\src\\Illuminate\\Database\\Connection.php(533): Illuminate\\Database\\Connection->statement('insert into `ta...', Array)
#5 C:\\Users\\Geralt\\Desktop\\Sistema-de-Gerenciamento-de-Tarefas-API-main\\projeto-laravel\\vendor\\laravel\\framework\\src\\Illuminate\\Database\\Query\\Processors\\Processor.php(32): Illuminate\\Database\\Connection->insert('insert into `ta...', Array)
#6 C:\\Users\\Geralt\\Desktop\\Sistema-de-Gerenciamento-de-Tarefas-API-main\\projeto-laravel\\vendor\\laravel\\framework\\src\\Illuminate\\Database\\Query\\Builder.php(3371): Illuminate\\Database\\Query\\Processors\\Processor->processInsertGetId(Object(Illuminate\\Database\\Query\\Builder), 'insert into `ta...', Array, 'id')
#7 C:\\Users\\Geralt\\Desktop\\Sistema-de-Gerenciamento-de-Tarefas-API-main\\projeto-laravel\\vendor\\laravel\\framework\\src\\Illuminate\\Database\\Eloquent\\Builder.php(1922): Illuminate\\Database\\Query\\Builder->insertGetId(Array, 'id')
#8 C:\\Users\\Geralt\\Desktop\\Sistema-de-Gerenciamento-de-Tarefas-API-main\\projeto-laravel\\vendor\\laravel\\framework\\src\\Illuminate\\Database\\Eloquent\\Model.php(1335): Illuminate\\Database\\Eloquent\\Builder->__call('insertGetId', Array)
#9 C:\\Users\\Geralt\\Desktop\\Sistema-de-Gerenciamento-de-Tarefas-API-main\\projeto-laravel\\vendor\\laravel\\framework\\src\\Illuminate\\Database\\Eloquent\\Model.php(1300): Illuminate\\Database\\Eloquent\\Model->insertAndSetId(Object(Illuminate\\Database\\Eloquent\\Builder), Array)
#10 C:\\Users\\Geralt\\Desktop\\Sistema-de-Gerenciamento-de-Tarefas-API-main\\projeto-laravel\\vendor\\laravel\\framework\\src\\Illuminate\\Database\\Eloquent\\Model.php(1139): Illuminate\\Database\\Eloquent\\Model->performInsert(Object(Illuminate\\Database\\Eloquent\\Builder))
#11 C:\\Users\\Geralt\\Desktop\\Sistema-de-Gerenciamento-de-Tarefas-API-main\\projeto-laravel\\app\\Http\\Controllers\\TaskController.php(39): Illuminate\\Database\\Eloquent\\Model->save()
#12 C:\\Users\\Geralt\\Desktop\\Sistema-de-Gerenciamento-de-Tarefas-API-main\\projeto-laravel\\vendor\\laravel\\framework\\src\\Illuminate\\Routing\\Controller.php(54): App\\Http\\Controllers\\TaskController->store(Object(Illuminate\\Http\\Request))
#13 C:\\Users\\Geralt\\Desktop\\Sistema-de-Gerenciamento-de-Tarefas-API-main\\projeto-laravel\\vendor\\laravel\\framework\\src\\Illuminate\\Routing\\ControllerDispatcher.php(43): Illuminate\\Routing\\Controller->callAction('store', Array)
#14 C:\\Users\\Geralt\\Desktop\\Sistema-de-Gerenciamento-de-Tarefas-API-main\\projeto-laravel\\vendor\\laravel\\framework\\src\\Illuminate\\Routing\\Route.php(259): Illuminate\\Routing\\ControllerDispatcher->dispatch(Object(Illuminate\\Routing\\Route), Object(App\\Http\\Controllers\\TaskController), 'store')
#15 C:\\Users\\Geralt\\Desktop\\Sistema-de-Gerenciamento-de-Tarefas-API-main\\projeto-laravel\\vendor\\laravel\\framework\\src\\Illuminate\\Routing\\Route.php(205): Illuminate\\Routing\\Route->runController()
#16 C:\\Users\\Geralt\\Desktop\\Sistema-de-Gerenciamento-de-Tarefas-API-main\\projeto-laravel\\vendor\\laravel\\framework\\src\\Illuminate\\Routing\\Router.php(799): Illuminate\\Routing\\Route->run()
#17 C:\\Users\\Geralt\\Desktop\\Sistema-de-Gerenciamento-de-Tarefas-API-main\\projeto-laravel\\vendor\\laravel\\framework\\src\\Illuminate\\Pipeline\\Pipeline.php(141): Illuminate\\Routing\\Router->Illuminate\\Routing\\{closure}(Object(Illuminate\\Http\\Request))
#18 C:\\Users\\Geralt\\Desktop\\Sistema-de-Gerenciamento-de-Tarefas-API-main\\projeto-laravel\\vendor\\laravel\\framework\\src\\Illuminate\\Routing\\Middleware\\SubstituteBindings.php(50): Illuminate\\Pipeline\\Pipeline->Illuminate\\Pipeline\\{closure}(Object(Illuminate\\Http\\Request))
#19 C:\\Users\\Geralt\\Desktop\\Sistema-de-Gerenciamento-de-Tarefas-API-main\\projeto-laravel\\vendor\\laravel\\framework\\src\\Illuminate\\Pipeline\\Pipeline.php(180): Illuminate\\Routing\\Middleware\\SubstituteBindings->handle(Object(Illuminate\\Http\\Request), Object(Closure))
#20 C:\\Users\\Geralt\\Desktop\\Sistema-de-Gerenciamento-de-Tarefas-API-main\\projeto-laravel\\vendor\\laravel\\framework\\src\\Illuminate\\View\\Middleware\\ShareErrorsFromSession.php(49): Illuminate\\Pipeline\\Pipeline->Illuminate\\Pipeline\\{closure}(Object(Illuminate\\Http\\Request))
#21 C:\\Users\\Geralt\\Desktop\\Sistema-de-Gerenciamento-de-Tarefas-API-main\\projeto-laravel\\vendor\\laravel\\framework\\src\\Illuminate\\Pipeline\\Pipeline.php(180): Illuminate\\View\\Middleware\\ShareErrorsFromSession->handle(Object(Illuminate\\Http\\Request), Object(Closure))
#22 C:\\Users\\Geralt\\Desktop\\Sistema-de-Gerenciamento-de-Tarefas-API-main\\projeto-laravel\\vendor\\laravel\\framework\\src\\Illuminate\\Session\\Middleware\\StartSession.php(121): Illuminate\\Pipeline\\Pipeline->Illuminate\\Pipeline\\{closure}(Object(Illuminate\\Http\\Request))
#23 C:\\Users\\Geralt\\Desktop\\Sistema-de-Gerenciamento-de-Tarefas-API-main\\projeto-laravel\\vendor\\laravel\\framework\\src\\Illuminate\\Session\\Middleware\\StartSession.php(64): Illuminate\\Session\\Middleware\\StartSession->handleStatefulRequest(Object(Illuminate\\Http\\Request), Object(Illuminate\\Session\\Store), Object(Closure))
#24 C:\\Users\\Geralt\\Desktop\\Sistema-de-Gerenciamento-de-Tarefas-API-main\\projeto-laravel\\vendor\\laravel\\framework\\src\\Illuminate\\Pipeline\\Pipeline.php(180): Illuminate\\Session\\Middleware\\StartSession->handle(Object(Illuminate\\Http\\Request), Object(Closure))
#25 C:\\Users\\Geralt\\Desktop\\Sistema-de-Gerenciamento-de-Tarefas-API-main\\projeto-laravel\\vendor\\laravel\\framework\\src\\Illuminate\\Cookie\\Middleware\\AddQueuedCookiesToResponse.php(37): Illuminate\\Pipeline\\Pipeline->Illuminate\\Pipeline\\{closure}(Object(Illuminate\\Http\\Request))
#26 C:\\Users\\Geralt\\Desktop\\Sistema-de-Gerenciamento-de-Tarefas-API-main\\projeto-laravel\\vendor\\laravel\\framework\\src\\Illuminate\\Pipeline\\Pipeline.php(180): Illuminate\\Cookie\\Middleware\\AddQueuedCookiesToResponse->handle(Object(Illuminate\\Http\\Request), Object(Closure))
#27 C:\\Users\\Geralt\\Desktop\\Sistema-de-Gerenciamento-de-Tarefas-API-main\\projeto-laravel\\vendor\\laravel\\framework\\src\\Illuminate\\Cookie\\Middleware\\EncryptCookies.php(67): Illuminate\\Pipeline\\Pipeline->Illuminate\\Pipeline\\{closure}(Object(Illuminate\\Http\\Request))
#28 C:\\Users\\Geralt\\Desktop\\Sistema-de-Gerenciamento-de-Tarefas-API-main\\projeto-laravel\\vendor\\laravel\\framework\\src\\Illuminate\\Pipeline\\Pipeline.php(180): Illuminate\\Cookie\\Middleware\\EncryptCookies->handle(Object(Illuminate\\Http\\Request), Object(Closure))
#29 C:\\Users\\Geralt\\Desktop\\Sistema-de-Gerenciamento-de-Tarefas-API-main\\projeto-laravel\\vendor\\laravel\\framework\\src\\Illuminate\\Pipeline\\Pipeline.php(116): Illuminate\\Pipeline\\Pipeline->Illuminate\\Pipeline\\{closure}(Object(Illuminate\\Http\\Request))
#30 C:\\Users\\Geralt\\Desktop\\Sistema-de-Gerenciamento-de-Tarefas-API-main\\projeto-laravel\\vendor\\laravel\\framework\\src\\Illuminate\\Routing\\Router.php(798): Illuminate\\Pipeline\\Pipeline->then(Object(Closure))
#31 C:\\Users\\Geralt\\Desktop\\Sistema-de-Gerenciamento-de-Tarefas-API-main\\projeto-laravel\\vendor\\laravel\\framework\\src\\Illuminate\\Routing\\Router.php(777): Illuminate\\Routing\\Router->runRouteWithinStack(Object(Illuminate\\Routing\\Route), Object(Illuminate\\Http\\Request))
#32 C:\\Users\\Geralt\\Desktop\\Sistema-de-Gerenciamento-de-Tarefas-API-main\\projeto-laravel\\vendor\\laravel\\framework\\src\\Illuminate\\Routing\\Router.php(741): Illuminate\\Routing\\Router->runRoute(Object(Illuminate\\Http\\Request), Object(Illuminate\\Routing\\Route))
#33 C:\\Users\\Geralt\\Desktop\\Sistema-de-Gerenciamento-de-Tarefas-API-main\\projeto-laravel\\vendor\\laravel\\framework\\src\\Illuminate\\Routing\\Router.php(730): Illuminate\\Routing\\Router->dispatchToRoute(Object(Illuminate\\Http\\Request))
#34 C:\\Users\\Geralt\\Desktop\\Sistema-de-Gerenciamento-de-Tarefas-API-main\\projeto-laravel\\vendor\\laravel\\framework\\src\\Illuminate\\Foundation\\Http\\Kernel.php(200): Illuminate\\Routing\\Router->dispatch(Object(Illuminate\\Http\\Request))
#35 C:\\Users\\Geralt\\Desktop\\Sistema-de-Gerenciamento-de-Tarefas-API-main\\projeto-laravel\\vendor\\laravel\\framework\\src\\Illuminate\\Pipeline\\Pipeline.php(141): Illuminate\\Foundation\\Http\\Kernel->Illuminate\\Foundation\\Http\\{closure}(Object(Illuminate\\Http\\Request))
#36 C:\\Users\\Geralt\\Desktop\\Sistema-de-Gerenciamento-de-Tarefas-API-main\\projeto-laravel\\vendor\\laravel\\framework\\src\\Illuminate\\Foundation\\Http\\Middleware\\TransformsRequest.php(21): Illuminate\\Pipeline\\Pipeline->Illuminate\\Pipeline\\{closure}(Object(Illuminate\\Http\\Request))
#37 C:\\Users\\Geralt\\Desktop\\Sistema-de-Gerenciamento-de-Tarefas-API-main\\projeto-laravel\\vendor\\laravel\\framework\\src\\Illuminate\\Foundation\\Http\\Middleware\\ConvertEmptyStringsToNull.php(31): Illuminate\\Foundation\\Http\\Middleware\\TransformsRequest->handle(Object(Illuminate\\Http\\Request), Object(Closure))
#38 C:\\Users\\Geralt\\Desktop\\Sistema-de-Gerenciamento-de-Tarefas-API-main\\projeto-laravel\\vendor\\laravel\\framework\\src\\Illuminate\\Pipeline\\Pipeline.php(180): Illuminate\\Foundation\\Http\\Middleware\\ConvertEmptyStringsToNull->handle(Object(Illuminate\\Http\\Request), Object(Closure))
#39 C:\\Users\\Geralt\\Desktop\\Sistema-de-Gerenciamento-de-Tarefas-API-main\\projeto-laravel\\vendor\\laravel\\framework\\src\\Illuminate\\Foundation\\Http\\Middleware\\TransformsRequest.php(21): Illuminate\\Pipeline\\Pipeline->Illuminate\\Pipeline\\{closure}(Object(Illuminate\\Http\\Request))
#40 C:\\Users\\Geralt\\Desktop\\Sistema-de-Gerenciamento-de-Tarefas-API-main\\projeto-laravel\\vendor\\laravel\\framework\\src\\Illuminate\\Foundation\\Http\\Middleware\\TrimStrings.php(40): Illuminate\\Foundation\\Http\\Middleware\\TransformsRequest->handle(Object(Illuminate\\Http\\Request), Object(Closure))
#41 C:\\Users\\Geralt\\Desktop\\Sistema-de-Gerenciamento-de-Tarefas-API-main\\projeto-laravel\\vendor\\laravel\\framework\\src\\Illuminate\\Pipeline\\Pipeline.php(180): Illuminate\\Foundation\\Http\\Middleware\\TrimStrings->handle(Object(Illuminate\\Http\\Request), Object(Closure))
#42 C:\\Users\\Geralt\\Desktop\\Sistema-de-Gerenciamento-de-Tarefas-API-main\\projeto-laravel\\vendor\\laravel\\framework\\src\\Illuminate\\Foundation\\Http\\Middleware\\ValidatePostSize.php(27): Illuminate\\Pipeline\\Pipeline->Illuminate\\Pipeline\\{closure}(Object(Illuminate\\Http\\Request))
#43 C:\\Users\\Geralt\\Desktop\\Sistema-de-Gerenciamento-de-Tarefas-API-main\\projeto-laravel\\vendor\\laravel\\framework\\src\\Illuminate\\Pipeline\\Pipeline.php(180): Illuminate\\Foundation\\Http\\Middleware\\ValidatePostSize->handle(Object(Illuminate\\Http\\Request), Object(Closure))
#44 C:\\Users\\Geralt\\Desktop\\Sistema-de-Gerenciamento-de-Tarefas-API-main\\projeto-laravel\\vendor\\laravel\\framework\\src\\Illuminate\\Foundation\\Http\\Middleware\\PreventRequestsDuringMaintenance.php(86): Illuminate\\Pipeline\\Pipeline->Illuminate\\Pipeline\\{closure}(Object(Illuminate\\Http\\Request))
#45 C:\\Users\\Geralt\\Desktop\\Sistema-de-Gerenciamento-de-Tarefas-API-main\\projeto-laravel\\vendor\\laravel\\framework\\src\\Illuminate\\Pipeline\\Pipeline.php(180): Illuminate\\Foundation\\Http\\Middleware\\PreventRequestsDuringMaintenance->handle(Object(Illuminate\\Http\\Request), Object(Closure))
#46 C:\\Users\\Geralt\\Desktop\\Sistema-de-Gerenciamento-de-Tarefas-API-main\\projeto-laravel\\vendor\\laravel\\framework\\src\\Illuminate\\Http\\Middleware\\HandleCors.php(49): Illuminate\\Pipeline\\Pipeline->Illuminate\\Pipeline\\{closure}(Object(Illuminate\\Http\\Request))
#47 C:\\Users\\Geralt\\Desktop\\Sistema-de-Gerenciamento-de-Tarefas-API-main\\projeto-laravel\\vendor\\laravel\\framework\\src\\Illuminate\\Pipeline\\Pipeline.php(180): Illuminate\\Http\\Middleware\\HandleCors->handle(Object(Illuminate\\Http\\Request), Object(Closure))
#48 C:\\Users\\Geralt\\Desktop\\Sistema-de-Gerenciamento-de-Tarefas-API-main\\projeto-laravel\\vendor\\laravel\\framework\\src\\Illuminate\\Http\\Middleware\\TrustProxies.php(39): Illuminate\\Pipeline\\Pipeline->Illuminate\\Pipeline\\{closure}(Object(Illuminate\\Http\\Request))
#49 C:\\Users\\Geralt\\Desktop\\Sistema-de-Gerenciamento-de-Tarefas-API-main\\projeto-laravel\\vendor\\laravel\\framework\\src\\Illuminate\\Pipeline\\Pipeline.php(180): Illuminate\\Http\\Middleware\\TrustProxies->handle(Object(Illuminate\\Http\\Request), Object(Closure))
#50 C:\\Users\\Geralt\\Desktop\\Sistema-de-Gerenciamento-de-Tarefas-API-main\\projeto-laravel\\vendor\\laravel\\framework\\src\\Illuminate\\Pipeline\\Pipeline.php(116): Illuminate\\Pipeline\\Pipeline->Illuminate\\Pipeline\\{closure}(Object(Illuminate\\Http\\Request))
#51 C:\\Users\\Geralt\\Desktop\\Sistema-de-Gerenciamento-de-Tarefas-API-main\\projeto-laravel\\vendor\\laravel\\framework\\src\\Illuminate\\Foundation\\Http\\Kernel.php(175): Illuminate\\Pipeline\\Pipeline->then(Object(Closure))
#52 C:\\Users\\Geralt\\Desktop\\Sistema-de-Gerenciamento-de-Tarefas-API-main\\projeto-laravel\\vendor\\laravel\\framework\\src\\Illuminate\\Foundation\\Http\\Kernel.php(144): Illuminate\\Foundation\\Http\\Kernel->sendRequestThroughRouter(Object(Illuminate\\Http\\Request))
#53 C:\\Users\\Geralt\\Desktop\\Sistema-de-Gerenciamento-de-Tarefas-API-main\\projeto-laravel\\public\\index.php(51): Illuminate\\Foundation\\Http\\Kernel->handle(Object(Illuminate\\Http\\Request))
#54 C:\\Users\\Geralt\\Desktop\\Sistema-de-Gerenciamento-de-Tarefas-API-main\\projeto-laravel\\vendor\\laravel\\framework\\src\\Illuminate\\Foundation\\resources\\server.php(16): require_once('C:\\\\Users\\\\Geralt...')
#55 {main}
"} 
